testhost | SUCCESS => {
    "ansible_facts": {
        "ansible_all_ipv4_addresses": [
            "93.183.73.120"
        ],
        "ansible_all_ipv6_addresses": [],
        "ansible_apparmor": {
            "status": "enabled"
        },
        "ansible_architecture": "x86_64",
        "ansible_bios_date": "11/10/2020",
        "ansible_bios_vendor": "SmartDC vStack bhyve",
        "ansible_bios_version": "13.0",
        "ansible_board_asset_tag": "None",
        "ansible_board_name": "BHYVE",
        "ansible_board_serial": "None",
        "ansible_board_vendor": "FreeBSD",
        "ansible_board_version": "1.0",
        "ansible_chassis_asset_tag": "None",
        "ansible_chassis_serial": "None",
        "ansible_chassis_vendor": "FreeBSD",
        "ansible_chassis_version": "1.0",
        "ansible_cmdline": {
            "BOOT_IMAGE": "/boot/vmlinuz-5.15.0-60-generic",
            "console": "ttyS0,115200n8",
            "ipv6.disable": "1",
            "ro": true,
            "root": "UUID=00461488-3b35-4a53-91a8-2e527e4987da"
        },
        "ansible_date_time": {
            "date": "2023-07-18",
            "day": "18",
            "epoch": "1689705432",
            "epoch_int": "1689705432",
            "hour": "18",
            "iso8601": "2023-07-18T18:37:12Z",
            "iso8601_basic": "20230718T183712103693",
            "iso8601_basic_short": "20230718T183712",
            "iso8601_micro": "2023-07-18T18:37:12.103693Z",
            "minute": "37",
            "month": "07",
            "second": "12",
            "time": "18:37:12",
            "tz": "UTC",
            "tz_dst": "UTC",
            "tz_offset": "+0000",
            "weekday": "Tuesday",
            "weekday_number": "2",
            "weeknumber": "29",
            "year": "2023"
        },
        "ansible_default_ipv4": {
            "address": "93.183.73.120",
            "alias": "enp0s5",
            "broadcast": "93.183.73.255",
            "gateway": "93.183.73.1",
            "interface": "enp0s5",
            "macaddress": "ca:0b:67:d6:6f:ab",
            "mtu": 1500,
            "netmask": "255.255.255.0",
            "network": "93.183.73.0",
            "prefix": "24",
            "type": "ether"
        },
        "ansible_default_ipv6": {},
        "ansible_device_links": {
            "ids": {
                "vda": [
                    "virtio-BHYVE-718F-245F-DD38"
                ],
                "vda1": [
                    "virtio-BHYVE-718F-245F-DD38-part1"
                ],
                "vda2": [
                    "virtio-BHYVE-718F-245F-DD38-part2"
                ]
            },
            "labels": {},
            "masters": {},
            "uuids": {
                "vda1": [
                    "D927-DF0D"
                ],
                "vda2": [
                    "00461488-3b35-4a53-91a8-2e527e4987da"
                ]
            }
        },
        "ansible_devices": {
            "loop0": {
                "holders": [],
                "host": "",
                "links": {
                    "ids": [],
                    "labels": [],
                    "masters": [],
                    "uuids": []
                },
                "model": null,
                "partitions": {},
                "removable": "0",
                "rotational": "1",
                "sas_address": null,
                "sas_device_handle": null,
                "scheduler_mode": "none",
                "sectors": "0",
                "sectorsize": "512",
                "size": "0.00 Bytes",
                "support_discard": "0",
                "vendor": null,
                "virtual": 1
            },
            "loop1": {
                "holders": [],
                "host": "",
                "links": {
                    "ids": [],
                    "labels": [],
                    "masters": [],
                    "uuids": []
                },
                "model": null,
                "partitions": {},
                "removable": "0",
                "rotational": "1",
                "sas_address": null,
                "sas_device_handle": null,
                "scheduler_mode": "none",
                "sectors": "0",
                "sectorsize": "512",
                "size": "0.00 Bytes",
                "support_discard": "0",
                "vendor": null,
                "virtual": 1
            },
            "loop2": {
                "holders": [],
                "host": "",
                "links": {
                    "ids": [],
                    "labels": [],
                    "masters": [],
                    "uuids": []
                },
                "model": null,
                "partitions": {},
                "removable": "0",
                "rotational": "1",
                "sas_address": null,
                "sas_device_handle": null,
                "scheduler_mode": "none",
                "sectors": "0",
                "sectorsize": "512",
                "size": "0.00 Bytes",
                "support_discard": "0",
                "vendor": null,
                "virtual": 1
            },
            "loop3": {
                "holders": [],
                "host": "",
                "links": {
                    "ids": [],
                    "labels": [],
                    "masters": [],
                    "uuids": []
                },
                "model": null,
                "partitions": {},
                "removable": "0",
                "rotational": "1",
                "sas_address": null,
                "sas_device_handle": null,
                "scheduler_mode": "none",
                "sectors": "0",
                "sectorsize": "512",
                "size": "0.00 Bytes",
                "support_discard": "0",
                "vendor": null,
                "virtual": 1
            },
            "loop4": {
                "holders": [],
                "host": "",
                "links": {
                    "ids": [],
                    "labels": [],
                    "masters": [],
                    "uuids": []
                },
                "model": null,
                "partitions": {},
                "removable": "0",
                "rotational": "1",
                "sas_address": null,
                "sas_device_handle": null,
                "scheduler_mode": "none",
                "sectors": "0",
                "sectorsize": "512",
                "size": "0.00 Bytes",
                "support_discard": "0",
                "vendor": null,
                "virtual": 1
            },
            "loop5": {
                "holders": [],
                "host": "",
                "links": {
                    "ids": [],
                    "labels": [],
                    "masters": [],
                    "uuids": []
                },
                "model": null,
                "partitions": {},
                "removable": "0",
                "rotational": "1",
                "sas_address": null,
                "sas_device_handle": null,
                "scheduler_mode": "none",
                "sectors": "0",
                "sectorsize": "512",
                "size": "0.00 Bytes",
                "support_discard": "0",
                "vendor": null,
                "virtual": 1
            },
            "loop6": {
                "holders": [],
                "host": "",
                "links": {
                    "ids": [],
                    "labels": [],
                    "masters": [],
                    "uuids": []
                },
                "model": null,
                "partitions": {},
                "removable": "0",
                "rotational": "1",
                "sas_address": null,
                "sas_device_handle": null,
                "scheduler_mode": "none",
                "sectors": "0",
                "sectorsize": "512",
                "size": "0.00 Bytes",
                "support_discard": "0",
                "vendor": null,
                "virtual": 1
            },
            "loop7": {
                "holders": [],
                "host": "",
                "links": {
                    "ids": [],
                    "labels": [],
                    "masters": [],
                    "uuids": []
                },
                "model": null,
                "partitions": {},
                "removable": "0",
                "rotational": "1",
                "sas_address": null,
                "sas_device_handle": null,
                "scheduler_mode": "none",
                "sectors": "0",
                "sectorsize": "512",
                "size": "0.00 Bytes",
                "support_discard": "0",
                "vendor": null,
                "virtual": 1
            },
            "vda": {
                "holders": [],
                "host": "SCSI storage controller: Red Hat, Inc. Virtio block device",
                "links": {
                    "ids": [
                        "virtio-BHYVE-718F-245F-DD38"
                    ],
                    "labels": [],
                    "masters": [],
                    "uuids": []
                },
                "model": null,
                "partitions": {
                    "vda1": {
                        "holders": [],
                        "links": {
                            "ids": [
                                "virtio-BHYVE-718F-245F-DD38-part1"
                            ],
                            "labels": [],
                            "masters": [],
                            "uuids": [
                                "D927-DF0D"
                            ]
                        },
                        "sectors": "1101824",
                        "sectorsize": 512,
                        "size": "538.00 MB",
                        "start": "2048",
                        "uuid": "D927-DF0D"
                    },
                    "vda2": {
                        "holders": [],
                        "links": {
                            "ids": [
                                "virtio-BHYVE-718F-245F-DD38-part2"
                            ],
                            "labels": [],
                            "masters": [],
                            "uuids": [
                                "00461488-3b35-4a53-91a8-2e527e4987da"
                            ]
                        },
                        "sectors": "103753695",
                        "sectorsize": 512,
                        "size": "49.47 GB",
                        "start": "1103872",
                        "uuid": "00461488-3b35-4a53-91a8-2e527e4987da"
                    }
                },
                "removable": "0",
                "rotational": "1",
                "sas_address": null,
                "sas_device_handle": null,
                "scheduler_mode": "mq-deadline",
                "sectors": "104857600",
                "sectorsize": "512",
                "size": "50.00 GB",
                "support_discard": "4096",
                "vendor": "0x1af4",
                "virtual": 1
            }
        },
        "ansible_distribution": "Ubuntu",
        "ansible_distribution_file_parsed": true,
        "ansible_distribution_file_path": "/etc/os-release",
        "ansible_distribution_file_variety": "Debian",
        "ansible_distribution_major_version": "22",
        "ansible_distribution_release": "jammy",
        "ansible_distribution_version": "22.04",
        "ansible_dns": {
            "nameservers": [
                "127.0.0.53"
            ],
            "options": {
                "edns0": true,
                "trust-ad": true
            },
            "search": [
                "."
            ]
        },
        "ansible_domain": "",
        "ansible_effective_group_id": 0,
        "ansible_effective_user_id": 0,
        "ansible_enp0s5": {
            "active": true,
            "device": "enp0s5",
            "features": {
                "esp_hw_offload": "off [fixed]",
                "esp_tx_csum_hw_offload": "off [fixed]",
                "fcoe_mtu": "off [fixed]",
                "generic_receive_offload": "on",
                "generic_segmentation_offload": "on",
                "highdma": "on [fixed]",
                "hsr_dup_offload": "off [fixed]",
                "hsr_fwd_offload": "off [fixed]",
                "hsr_tag_ins_offload": "off [fixed]",
                "hsr_tag_rm_offload": "off [fixed]",
                "hw_tc_offload": "off [fixed]",
                "l2_fwd_offload": "off [fixed]",
                "large_receive_offload": "off [fixed]",
                "loopback": "off [fixed]",
                "macsec_hw_offload": "off [fixed]",
                "netns_local": "off [fixed]",
                "ntuple_filters": "off [fixed]",
                "receive_hashing": "off [fixed]",
                "rx_all": "off [fixed]",
                "rx_checksumming": "on [fixed]",
                "rx_fcs": "off [fixed]",
                "rx_gro_hw": "on [fixed]",
                "rx_gro_list": "off",
                "rx_udp_gro_forwarding": "off",
                "rx_udp_tunnel_port_offload": "off [fixed]",
                "rx_vlan_filter": "off [fixed]",
                "rx_vlan_offload": "off [fixed]",
                "rx_vlan_stag_filter": "off [fixed]",
                "rx_vlan_stag_hw_parse": "off [fixed]",
                "scatter_gather": "on",
                "tcp_segmentation_offload": "on",
                "tls_hw_record": "off [fixed]",
                "tls_hw_rx_offload": "off [fixed]",
                "tls_hw_tx_offload": "off [fixed]",
                "tx_checksum_fcoe_crc": "off [fixed]",
                "tx_checksum_ip_generic": "on",
                "tx_checksum_ipv4": "off [fixed]",
                "tx_checksum_ipv6": "off [fixed]",
                "tx_checksum_sctp": "off [fixed]",
                "tx_checksumming": "on",
                "tx_esp_segmentation": "off [fixed]",
                "tx_fcoe_segmentation": "off [fixed]",
                "tx_gre_csum_segmentation": "off [fixed]",
                "tx_gre_segmentation": "off [fixed]",
                "tx_gso_list": "off [fixed]",
                "tx_gso_partial": "off [fixed]",
                "tx_gso_robust": "on [fixed]",
                "tx_ipxip4_segmentation": "off [fixed]",
                "tx_ipxip6_segmentation": "off [fixed]",
                "tx_lockless": "off [fixed]",
                "tx_nocache_copy": "off",
                "tx_scatter_gather": "on",
                "tx_scatter_gather_fraglist": "off [fixed]",
                "tx_sctp_segmentation": "off [fixed]",
                "tx_tcp6_segmentation": "on",
                "tx_tcp_ecn_segmentation": "off [fixed]",
                "tx_tcp_mangleid_segmentation": "off",
                "tx_tcp_segmentation": "on",
                "tx_tunnel_remcsum_segmentation": "off [fixed]",
                "tx_udp_segmentation": "off [fixed]",
                "tx_udp_tnl_csum_segmentation": "off [fixed]",
                "tx_udp_tnl_segmentation": "off [fixed]",
                "tx_vlan_offload": "off [fixed]",
                "tx_vlan_stag_hw_insert": "off [fixed]",
                "vlan_challenged": "off [fixed]"
            },
            "hw_timestamp_filters": [],
            "ipv4": {
                "address": "93.183.73.120",
                "broadcast": "93.183.73.255",
                "netmask": "255.255.255.0",
                "network": "93.183.73.0",
                "prefix": "24"
            },
            "macaddress": "ca:0b:67:d6:6f:ab",
            "module": "virtio_net",
            "mtu": 1500,
            "pciid": "virtio0",
            "promisc": false,
            "speed": -1,
            "timestamping": [],
            "type": "ether"
        },
        "ansible_env": {
            "DBUS_SESSION_BUS_ADDRESS": "unix:path=/run/user/0/bus",
            "HOME": "/root",
            "LANG": "en_US.UTF-8",
            "LOGNAME": "root",
            "MOTD_SHOWN": "pam",
            "PATH": "/usr/local/sbin:/usr/local/bin:/usr/sbin:/usr/bin:/sbin:/bin:/usr/games:/usr/local/games:/snap/bin",
            "PWD": "/root",
            "SHELL": "/bin/bash",
            "SHLVL": "0",
            "SSH_CLIENT": "89.107.139.81 43743 22",
            "SSH_CONNECTION": "89.107.139.81 43743 93.183.73.120 22",
            "SSH_TTY": "/dev/pts/1",
            "TERM": "xterm-256color",
            "USER": "root",
            "XDG_RUNTIME_DIR": "/run/user/0",
            "XDG_SESSION_CLASS": "user",
            "XDG_SESSION_ID": "3",
            "XDG_SESSION_TYPE": "tty",
            "_": "/bin/sh"
        },
        "ansible_fibre_channel_wwn": [],
        "ansible_fips": false,
        "ansible_form_factor": "Unknown",
        "ansible_fqdn": "ubuntu22",
        "ansible_hostname": "AnsibleTest",
        "ansible_hostnqn": "",
        "ansible_interfaces": [
            "lo",
            "enp0s5"
        ],
        "ansible_is_chroot": false,
        "ansible_iscsi_iqn": "iqn.2004-10.com.ubuntu:01:4f598a60af82",
        "ansible_kernel": "5.15.0-60-generic",
        "ansible_kernel_version": "#66-Ubuntu SMP Fri Jan 20 14:29:49 UTC 2023",
        "ansible_lo": {
            "active": true,
            "device": "lo",
            "features": {
                "esp_hw_offload": "off [fixed]",
                "esp_tx_csum_hw_offload": "off [fixed]",
                "fcoe_mtu": "off [fixed]",
                "generic_receive_offload": "on",
                "generic_segmentation_offload": "on",
                "highdma": "on [fixed]",
                "hsr_dup_offload": "off [fixed]",
                "hsr_fwd_offload": "off [fixed]",
                "hsr_tag_ins_offload": "off [fixed]",
                "hsr_tag_rm_offload": "off [fixed]",
                "hw_tc_offload": "off [fixed]",
                "l2_fwd_offload": "off [fixed]",
                "large_receive_offload": "off [fixed]",
                "loopback": "on [fixed]",
                "macsec_hw_offload": "off [fixed]",
                "netns_local": "on [fixed]",
                "ntuple_filters": "off [fixed]",
                "receive_hashing": "off [fixed]",
                "rx_all": "off [fixed]",
                "rx_checksumming": "on [fixed]",
                "rx_fcs": "off [fixed]",
                "rx_gro_hw": "off [fixed]",
                "rx_gro_list": "off",
                "rx_udp_gro_forwarding": "off",
                "rx_udp_tunnel_port_offload": "off [fixed]",
                "rx_vlan_filter": "off [fixed]",
                "rx_vlan_offload": "off [fixed]",
                "rx_vlan_stag_filter": "off [fixed]",
                "rx_vlan_stag_hw_parse": "off [fixed]",
                "scatter_gather": "on",
                "tcp_segmentation_offload": "on",
                "tls_hw_record": "off [fixed]",
                "tls_hw_rx_offload": "off [fixed]",
                "tls_hw_tx_offload": "off [fixed]",
                "tx_checksum_fcoe_crc": "off [fixed]",
                "tx_checksum_ip_generic": "on [fixed]",
                "tx_checksum_ipv4": "off [fixed]",
                "tx_checksum_ipv6": "off [fixed]",
                "tx_checksum_sctp": "on [fixed]",
                "tx_checksumming": "on",
                "tx_esp_segmentation": "off [fixed]",
                "tx_fcoe_segmentation": "off [fixed]",
                "tx_gre_csum_segmentation": "off [fixed]",
                "tx_gre_segmentation": "off [fixed]",
                "tx_gso_list": "on",
                "tx_gso_partial": "off [fixed]",
                "tx_gso_robust": "off [fixed]",
                "tx_ipxip4_segmentation": "off [fixed]",
                "tx_ipxip6_segmentation": "off [fixed]",
                "tx_lockless": "on [fixed]",
                "tx_nocache_copy": "off [fixed]",
                "tx_scatter_gather": "on [fixed]",
                "tx_scatter_gather_fraglist": "on [fixed]",
                "tx_sctp_segmentation": "on",
                "tx_tcp6_segmentation": "on",
                "tx_tcp_ecn_segmentation": "on",
                "tx_tcp_mangleid_segmentation": "on",
                "tx_tcp_segmentation": "on",
                "tx_tunnel_remcsum_segmentation": "off [fixed]",
                "tx_udp_segmentation": "on",
                "tx_udp_tnl_csum_segmentation": "off [fixed]",
                "tx_udp_tnl_segmentation": "off [fixed]",
                "tx_vlan_offload": "off [fixed]",
                "tx_vlan_stag_hw_insert": "off [fixed]",
                "vlan_challenged": "on [fixed]"
            },
            "hw_timestamp_filters": [],
            "ipv4": {
                "address": "127.0.0.1",
                "broadcast": "",
                "netmask": "255.0.0.0",
                "network": "127.0.0.0",
                "prefix": "8"
            },
            "mtu": 65536,
            "promisc": false,
            "timestamping": [],
            "type": "loopback"
        },
        "ansible_loadavg": {
            "15m": 0.00927734375,
            "1m": 0.08056640625,
            "5m": 0.04443359375
        },
        "ansible_local": {},
        "ansible_locally_reachable_ips": {
            "ipv4": [
                "93.183.73.120",
                "127.0.0.0/8",
                "127.0.0.1"
            ],
            "ipv6": []
        },
        "ansible_lsb": {
            "codename": "jammy",
            "description": "Ubuntu 22.04.2 LTS",
            "id": "Ubuntu",
            "major_release": "22",
            "release": "22.04"
        },
        "ansible_lvm": {
            "lvs": {},
            "pvs": {},
            "vgs": {}
        },
        "ansible_machine": "x86_64",
        "ansible_machine_id": "0a65f52dbcda4b9da21092425932e748",
        "ansible_memfree_mb": 1729,
        "ansible_memory_mb": {
            "nocache": {
                "free": 1842,
                "used": 132
            },
            "real": {
                "free": 1729,
                "total": 1974,
                "used": 245
            },
            "swap": {
                "cached": 0,
                "free": 0,
                "total": 0,
                "used": 0
            }
        },
        "ansible_memtotal_mb": 1974,
        "ansible_mounts": [
            {
                "block_available": 11968710,
                "block_size": 4096,
                "block_total": 12746301,
                "block_used": 777591,
                "device": "/dev/vda2",
                "fstype": "ext4",
                "inode_available": 3147568,
                "inode_total": 3180672,
                "inode_used": 33104,
                "mount": "/",
                "options": "rw,relatime,discard",
                "size_available": 49023836160,
                "size_total": 52208848896,
                "uuid": "00461488-3b35-4a53-91a8-2e527e4987da"
            },
            {
                "block_available": 135893,
                "block_size": 4096,
                "block_total": 137451,
                "block_used": 1558,
                "device": "/dev/vda1",
                "fstype": "vfat",
                "inode_available": 0,
                "inode_total": 0,
                "inode_used": 0,
                "mount": "/boot/efi",
                "options": "rw,relatime,fmask=0022,dmask=0022,codepage=437,iocharset=iso8859-1,shortname=mixed,errors=remount-ro,discard",
                "size_available": 556617728,
                "size_total": 562999296,
                "uuid": "D927-DF0D"
            }
        ],
        "ansible_nodename": "AnsibleTest",
        "ansible_os_family": "Debian",
        "ansible_pkg_mgr": "apt",
        "ansible_proc_cmdline": {
            "BOOT_IMAGE": "/boot/vmlinuz-5.15.0-60-generic",
            "console": [
                "tty0",
                "ttyS0,115200n8"
            ],
            "ipv6.disable": "1",
            "ro": true,
            "root": "UUID=00461488-3b35-4a53-91a8-2e527e4987da"
        },
        "ansible_processor": [
            "0",
            "GenuineIntel",
            "Intel(R) Xeon(R) Gold 6248R CPU @ 3.00GHz"
        ],
        "ansible_processor_cores": 1,
        "ansible_processor_count": 1,
        "ansible_processor_nproc": 1,
        "ansible_processor_threads_per_core": 1,
        "ansible_processor_vcpus": 1,
        "ansible_product_name": "SmartDC vStack bhyve",
        "ansible_product_serial": "None",
        "ansible_product_uuid": "43895982-9450-7138-b7c6-80242072448a",
        "ansible_product_version": "13.0",
        "ansible_python": {
            "executable": "/usr/bin/python3",
            "has_sslcontext": true,
            "type": "cpython",
            "version": {
                "major": 3,
                "micro": 6,
                "minor": 10,
                "releaselevel": "final",
                "serial": 0
            },
            "version_info": [
                3,
                10,
                6,
                "final",
                0
            ]
        },
        "ansible_python_version": "3.10.6",
        "ansible_real_group_id": 0,
        "ansible_real_user_id": 0,
        "ansible_selinux": {
            "status": "disabled"
        },
        "ansible_selinux_python_present": true,
        "ansible_service_mgr": "systemd",
        "ansible_ssh_host_key_dsa_public": "AAAAB3NzaC1kc3MAAACBAN4GYwvKz/B1ON6UgfPVtiKikOlFI8vCbkK9l5Od2BygrC0L3ZT80NBmdP6gJZA+qdb62FHgyWa3/agNGWG/bvJiKQGzI8VePNN9dONpKsbz4qfIqdjxaHH4ov/SmWCFMLuJlcTGaCiHNcDFO+eF2HN6F4kgMH4e3sZUCLHr5eRBAAAAFQDc/PlbkPWGnbLFyEHS/jvyDkmH/wAAAIEAnV+/NC020n5HRt0eWXI52oLYsoicfx7iasXH2elA/YRSyzOoLGhISPxfjiaV+BAFD3t7nmB/tsb4oIzHUzF+r3OKwvKY1T6zxtFsXdlPqrVoUCcC2n6sYycyRgqZza4Ep6LOAjM33TPyfuIHN/0Dl8m1Hxdz3wSpSzIARB1iePAAAACBAKvO36JIzJtCoh5YpOKfu1dVWfR4FlFa7VrwLAnXildQqakqmcXG/9KcK9XTpwHEa6ce6t+aKkgZ9S8oxWBGAl99WEFqwDbH/VEgQp29cE844gZv9n3hgZgFFgFaRd8EsZNLj89ZDAG0HL77116UQ+/wngEBhBD8MWtDZrDh8DYG",
        "ansible_ssh_host_key_dsa_public_keytype": "ssh-dss",
        "ansible_ssh_host_key_ecdsa_public": "AAAAE2VjZHNhLXNoYTItbmlzdHAyNTYAAAAIbmlzdHAyNTYAAABBBCSqn4RTr6RvHB9dj7SWVlSR/wkKMJmCYkWeUprcEsrC6n9pGxpozYZ8xd0GUWd+gOF94X7rKvZ0UBXHfDsEORg=",
        "ansible_ssh_host_key_ecdsa_public_keytype": "ecdsa-sha2-nistp256",
        "ansible_ssh_host_key_ed25519_public": "AAAAC3NzaC1lZDI1NTE5AAAAIIHlojxxCtP+KmijYOjdrABEy0I/NvRohWQsTHO7elBd",
        "ansible_ssh_host_key_ed25519_public_keytype": "ssh-ed25519",
        "ansible_ssh_host_key_rsa_public": "AAAAB3NzaC1yc2EAAAADAQABAAABgQDNBeefxSE8WbHCIu2Aj/4nOg8i2jRJQEelFs+hQfJfbK28fVvXonMiS9a0DoCL8ZtLtE7JbbXAcNeEABK0j0PuaAq/Q1y2BGMXKwpR3yKcB93Ck0PAkpwYWnc76zMSox3Xu6FnKqG9Qgbzv+iOxW8nXJxXZzIkirS6SdlsE0aewQOwKmpCpczM+qQ0JsvvXQyL8CxiUORYj5MHvdvHsW9ibgiUAbtia8sGWBZ90/a/xzMGJlMiuB/nNL5BAHXBndDCygzar465dSK7CRwQ87G7+zwoCgBnJE2eYs/8DqQVOeCgNneApKihTnQxPKAuS4CL2V/aqc2N2kYzHsxF2DqMDAlJECPpKoktXJGSFYDdgn8GTzjBOnI4abnsBdblxwyPrwmtEDRI2Elb8hJ7anxwtYaXIgcPxTFv3QBPBx535gg5/zP4EgmUXosdqX/ank/c1spURutdNOtc7sx7gaNWUNz5XDWMVadLpufhN9a7mRPbYzRSryA3Qk1hPFk3Fpc=",
        "ansible_ssh_host_key_rsa_public_keytype": "ssh-rsa",
        "ansible_swapfree_mb": 0,
        "ansible_swaptotal_mb": 0,
        "ansible_system": "Linux",
        "ansible_system_capabilities": [],
        "ansible_system_capabilities_enforced": "False",
        "ansible_system_vendor": "vStack",
        "ansible_uptime_seconds": 305,
        "ansible_user_dir": "/root",
        "ansible_user_gecos": "root",
        "ansible_user_gid": 0,
        "ansible_user_id": "root",
        "ansible_user_shell": "/bin/bash",
        "ansible_user_uid": 0,
        "ansible_userspace_architecture": "x86_64",
        "ansible_userspace_bits": "64",
        "ansible_virtualization_role": "NA",
        "ansible_virtualization_tech_guest": [],
        "ansible_virtualization_tech_host": [],
        "ansible_virtualization_type": "NA",
        "discovered_interpreter_python": "/usr/bin/python3",
        "gather_subset": [
            "all"
        ],
        "module_setup": true
    },
    "changed": false
}
